======================
MALLOC INFO (MALLINFO)
======================
	non-mmaped space allocated from system: 2306048
	number of free chunks: 228
	number of fastbin blocks: 2825
	number of mmapped regions: 0
	space in mmapped regions: 0
	maximum total allocated space: 0
	space available in freed fastbin blocks: 139936
	total allocated space: 37424
	total free space: 2268624
	top-most, releasable (via malloc_trim) space: 131744
	DBGMEM arena size: 16
MALLINFO EOF


=============
MEMORY ERRORS
=============
 MEMALLOC: EOF

============
LEAK SUMMARY
============

===============
GENERATION [0]
===============

All-size: 1152 |  Entry: 0x18a9c38 size: 288  Entry: 0x18a9af8 size: 288  Entry: 0x18a99b8 size: 288  Entry: 0x18a9878 size: 288 
	frame: 0 : (0x7fccca9c2f22) ~"allocate_dtv + 34 in section .text of /lib/x86_64-linux-gnu/ld-2.18.so\n" ~"Line 297 of \"dl-tls.c
	frame: 1 : (0x7fccca9c362e) ~"_dl_allocate_tls + 14 in section .text of /lib/x86_64-linux-gnu/ld-2.18.so\n" ~"Line 463 of \"dl-tls.c
	frame: 2 : (0x7fccc9f75bd7) ~"pthread_create@@GLIBC_2.2.5 + 2375 in section .text of /lib/x86_64-linux-gnu/libpthread-2.18.so\n" ~"Line 589 of \"allocatestack.c
	frame: 3 : (0x4053cd) ~"threadpool_create + 333 in section .text of /home/geomaster/Projects/maskom/megaki/bin/megakitd\n" ~"Line 128 of \"src/threadpool.c
	frame: 4 : (0x403a35) ~"server + 195 in section .text of /home/geomaster/Projects/maskom/megaki/bin/megakitd\n" ~"Line 985 of \"src/server.c
	frame: 5 : (0x404478) ~"main + 627 in section .text of /home/geomaster/Projects/maskom/megaki/bin/megakitd\n" ~"Line 1189 of \"src/server.c
	frame: 6 : (0x7fccc9be5b45) ~"__libc_start_main + 245 in section .text of /lib/x86_64-linux-gnu/libc-2.18.so\n" ~"Line 321 of \"libc-start.c
All-size: 1024 |  Entry: 0x18877b8 size: 1024 
	frame: 0 : (0x7fccc9c4590a) ~"strerror + 90 in section .text of /lib/x86_64-linux-gnu/libc-2.18.so\n" ~"Line 39 of \"strerror.c
	frame: 1 : (0x7fccca4a6652) ~"ERR_load_ERR_strings + 226 in section .text of /usr/lib/x86_64-linux-gnu/libcrypto.so.1.0.0\n" 
	frame: 2 : (0x7fccca4a7619) ~"ERR_load_crypto_strings + 9 in section .text of /usr/lib/x86_64-linux-gnu/libcrypto.so.1.0.0\n" 
	frame: 3 : (0x404222) ~"main + 29 in section .text of /home/geomaster/Projects/maskom/megaki/bin/megakitd\n" ~"Line 1138 of \"src/server.c
	frame: 4 : (0x7fccc9be5b45) ~"__libc_start_main + 245 in section .text of /lib/x86_64-linux-gnu/libc-2.18.so\n" ~"Line 321 of \"libc-start.c
	frame: 5 : (0x401fb9) ~"_start + 41 in section .text of /home/geomaster/Projects/maskom/megaki/bin/megakitd\n" 

-----------------------------------
Sum of all user memory blocks for generation [0]:  2176
Number of blocks this generation: 2 
DBGMEM overhead: 32
